模组版本 1.9(魔法更新)
更新时间 2019年待定
模组大小 13489 KB
更新内容
游戏本体版本升级为1.14，不再支持1.14之前的版本。
新增并修改材质。
新增使用指令/loot give @s loot cpp:物品英文名可获取相应物品。
调整了世界结构生成算法以减少特定生物群系结构的位移。
新增附魔室的物品要塞地图、地牢地图。
新增附魔室生成幻术师。
新增自然生成农作物和稻草人。
新增自然生成花草。
新增自然生成水果树和矿石树。
现在死亡的云杉仅在针叶林及其变种生物群系内生成。
现在死珊瑚扇仅在沙漠和恶地及其变种生物群系内生成。
修改了骷髅和僵尸的盔甲、武器算法和几率。
现在僵尸可以破坏火把了。
修改了高压爬行者的几率。
新增对凋零骷髅的加强。
新增部分生物的稀有掉落物。
更新了水晶之心的id。
修改肉类名称。
新增玩家死亡掉落头。
鸡死亡掉落鸡蛋数受抢夺加成上限从1调整为0.5。
新增森林蝙蝠掉落香橼。
棕色哞菇掉落棕色蘑菇而不是红色蘑菇。
现在猫/熊猫/海龟有几率掉落头。
绿宝石块吸引村民支持副手。
修改所有配方中的染料为1.14的相应染料。
修改花合成染料为烧炼。
烧炼配方现在支持高炉、烟熏炉和营火。
机器的配方中箱子替换为木桶。
新增信标增强器可选择敌对/全部生物。
新增多功能一体机常温常压模式制作竹子和甜浆果。
修改多功能一体机常温高压下部分产物几率和数量。
移除多功能一体机常温高压下压缩功能。
现在交易机支持鱼，32个换一绿宝石。
添加了压缩合成机，用于将物品合成为块。
现在机器支持输出到木桶。
修改生物投影仪的豹猫为猫。
修改生物投影仪材质，可以显示正在生成的生物。
现在生物投影仪牛有6.25%几率为哞菇；村民有6.25%几率为游走商人；羊驼有6.25%几率为商队羊驼；合并卫道士至唤魔者配方，几率为50%，并有43.75%几率生成掠夺者，6.25%几率生成唤魔者，6.25%几率生成掠夺兽。
现在生物投影仪可以生成狐狸。
修改除信标增强器外的机器所在方块为木桶。
新增碎钻，烧炼矿石制品得到，可合成钻石。
新增煤粒，煤炭或木炭分解得到。
修复粗硅的错误名称。
修改矿石粉为只需要/只能烧炼出1个矿物。
烧炼皮革马铠可以得到兔子皮。
修改月之碎片合成配方中的附魔金苹果为粘液球。
新增4个月之碎片和末影之眼合成日之碎片。
新增4个日之碎片和下界之星合成2下界之星。
新增月石，使用9月之碎片合成，可分解。
新增日石，使用9日之碎片合成，可分解。
移除神秘烈焰粉和神秘兔子脚。
修改草方块的合成配方为8草丛加泥土。
修改菌丝的合成配方为4棕色蘑菇、4红色蘑菇加泥土。
修改皮革和兔子皮的比例恢复为1:4。
修改石英块和石英的比例恢复为1:4。
修改合成珊瑚块所需珊瑚个数为4。
新增热带鱼类别的翻译。
修改热带鱼桶的合成配方。
移除彩色床加染料合成彩色床的配方。
修改蓝色天之力为可根据当前天气调节。
修改白色电之力的功能为消耗6点生命值恢复10点魔力值。
世界之源会优先考虑将玩家传送回其复活点，若无则传回主世界原点。
添加了便携式合成器，右击可放置一个合成器，玩家离开后会自动消失。
新增剪枝器，2木棍和附魔铁锭合成，破坏树叶得到树苗。
新增玻璃镐，可破坏玻璃。
新增鸡窝，使用5小麦合成，破坏后无掉落。
新增鞭炮，使用火药和纸合成，放置后生成一个即将爆炸的tnt。
鸡将要下蛋时会寻找附近的鸡窝，如果没有则会创建一个。
鸡必须有鸡窝才能下蛋。
现在傀儡可以直接对着控制方块释放。
调整了傀儡农民和傀儡矿工的功能。
新增中国国旗，使用牡丹、焰光菊、金盏花和红色旗帜合成得到。
新增美国国旗，使用玫瑰丛、风信子、蓬蓬草和白色旗帜合成得到。
新增俄罗斯国旗，使用向日葵、风信子、蓬蓬草和红色旗帜合成得到。
新增英国国旗，使用虞美人、风信子、蓬蓬草和白色旗帜合成得到。
新增法国国旗，使用矢车菊、风信子、蓬蓬草和红色旗帜合成得到。
新增bilibili标志，使用黑荆棘、白车轴、芦苇草和画合成得到。
新增github标志，使用黑荆棘、白车轴、香蒲草和画合成得到。
新增mcmod标志，使用黑荆棘、白车轴、异绒兰和画合成得到。
新增tcp标志，使用黑荆棘、白车轴、紫荆花和画合成得到。
新增cbl标志，使用黑荆棘、白车轴、风信子和画合成得到。
新增盾牌和国旗或标志合成相应图案的盾牌。
修改了锁链盔甲的显示材质。
新增食物饥饿值显示。
新增煮鸡蛋代替鸡蛋羹，恢复2点饥饿值。
修改土豆牛肉、土豆排骨、兔肉煲效果为力量I。
修改土豆牛肉等食物为无序合成。
修改炸鱼薯条的配方为盐瓶、熟鳕鱼、烤马铃薯、番茄酱和碗。
修改肉松面包的配方为盐瓶、小麦和熟鸡肉或熟鹦鹉肉。
新增番茄酱，使用西红柿、糖和盐瓶合成，恢复5点饥饿值。
新增奶酪，使用牛奶桶和柠檬无序合成，恢复5点饥饿值。
新增汉堡，使用番茄酱、奶酪、西红柿、牛排和面包无序合成，恢复20点饥饿值。
新增披萨，使用番茄酱、奶酪、西红柿、熟猪排和小麦无序合成，恢复5点饥饿值。
新增寿司，使用干海带、小麦和生鲑鱼无序合成，恢复5点饥饿值。
新增仰望星空派，使用熟鳕鱼、熟猪排、棕色蘑菇和小麦合成，恢复16点饥饿值。
新增烤鸡，使用熟鸡肉、柠檬和烤马铃薯合成，恢复16点饥饿值。
新增饺子，使用熟猪排或熟牛排和8小麦合成得到4个，恢复5点饥饿值。
新增25种可食用的水果。
新增葡萄干，烧炼葡萄/金葡萄得到，食用后获得10秒速度。
现在冷饮可恢复5点魔力值。
新增稀有掉落物可用于酿造。
修改连锁算法，现在只破坏镐子可挖掘的方块了。
连锁效果不再破坏未成熟的作物和树叶。
现在连锁会保留最后1点耐久了。
现在连锁挖矿会掉落经验。
新增花草替代作物，成熟后破坏得到花草。
新增花草烧炼成对应物。
新增花草合成为3个对应种子。
修改羊毛树掉落羊毛树树苗、鱼和羊。
移除水果树树苗、矿石树树苗、羊毛树树苗的合成配方。
新增圣诞花，使用虞美人、彼岸花、金盏花和碎璃草无序合成。
新增圣诞树，使用4荧石粉、2雪球、2圣诞花和云杉树苗合成。
现在漂浮时可按下shift下降。
移除扫帚主手效果。
现在流星丸可使用节制器开关自动飞行。
新增魔法，包括召唤术：风火雷雨灵，催化术：风火雷雨灵地。
若要使用魔法，玩家需要副手持有魔杖，然后按下对应的键，最后双击F发动，玩家需要拥有足够的魔法值方可。
新增出生点附近生成魔导石，每秒恢复32米内玩家1点魔法值，上限30点。
新增4级星标上的信标增强仪每秒恢复64米内玩家1点魔法值，上限60点。
新增4级星标上的信标增强仪，若顶层基座使用5日石和4月石，每秒恢复128米内玩家1点魔法值，上限100点。
现在头饰可直接佩戴。
新增紫色美瞳，戴上后显示玩家附近的野生花草。
新增花环每10秒恢复玩家1点魔法值，上限30点。
新增原谅帽每10秒恢复玩家1点魔法值，上限60点。
新增冕旒每10秒恢复玩家1点魔法值，上限100点。
新增烈焰红唇、愚弄眼镜、小黄人眼罩。
新增经典画作，使用羽毛、黑色染料和画无序合成。
经典画作放置后右击可改变图案，会随机显示33种画的一种。
新增新春装饰，代替了原有的春联横批等物品。
新春装饰使用羽毛、黑色染料、红色染料和纸无序合成。
新春装饰放置后右击可改变图案。
新增彩色告示牌。
新增玻璃物品展示框，使用玻璃板和8个木棍合成。放入物品后变透明。
修改合成楼梯数量为4个，楼梯回收为6个。
移除平滑方块的合成和加速效果。
将实用功能部分分离为发射器种植、下界干燥湿海绵、复合台阶、随机方块、箱子排序、炼药锅功能。
现在树上的树叶没有邻近的木头时，会迅速腐烂。
新增炼药锅漂白羊毛、床、粘性活塞。
修改了随机方块功能为：副手持有潜影箱而主手为空时，将会从潜影箱随机选择一个给予玩家。
修改箱子排序为只需主手或副手持有木棍即可。
修改箱子排序算法，现在支持大箱子且可以满槽位。
修改墙名称为竖台阶和模型。
移除竖台阶。
修改双台阶模型材质为竖纹。
修改末影龙掉落龙蛋方块而不是龙头。
修改村民代码以支持1.14。
为村民出售的食物添加了饱食度显示。
制图师现在可以出售各种结构的地图了，使用月之碎片购买。与所在维度有关，若无相应结构则无效。
移除了书画师。
改变了圣诞礼物的材质。
现在购买圣诞礼物需要1个月之碎片而不是绿宝石。
提高了圣诞礼物的质量。
新增空岛8草丛加泥土合成草方块。
新增空岛4棕色蘑菇、4红色蘑菇加泥土合成菌丝。
新增方块破坏器下方的伸出的活塞臂收回时，会自动破坏其上方的方块。
新增空岛初始物资箱子、泥土、树苗、16骨粉。
新增空岛雪球加4树苗或作物或树叶合成泥土。
新增空岛合成烈焰棒。
新增空岛玩家杀死生物时背包的沙子会变成灵魂沙。
新增粉碎机粉碎泥土有几率掉落草丛。
新增粉碎机粉碎沙子有几率掉落枯萎的灌木。
新增粉碎机粉碎泥土有几率掉落水果树树苗、矿石树树苗、羊毛树树苗、竹子。
新增空岛破坏草丛掉落甜浆果。
修改空岛破坏草丛掉落种子而不是使用粉碎机粉碎泥土。
修改空岛破坏枯萎的灌木掉落种子而不是使用粉碎机粉碎沙子。
修改粉碎机粉碎圆石变为沙子。
修改粉碎机粉碎石头变为砂砾。
移除空岛无限草方块。
移除空岛合成砂砾的配方。
移除空岛石头合成炼药锅。
新增粉碎机粉碎泥土有几率掉落竹子。
新增空岛破坏草丛掉落甜浆果。
新增空岛破坏海草有几率掉落海带。
为方块破坏器添加了材质。
