模组版本 1.8(元素更新)
更新时间 2018年8月30日
模组大小 1525 KB
更新内容
游戏本体版本升级为1.13，不再支持1.13之前的版本。
修改资源包文字的代码名称、记分板、标签前缀为cpp，修改资源包以适应1.13，添加材质。
移除闪烁标语。
修改终末之诗为葛底斯堡演说并在结尾添加鸣谢。
不再给予玩家初始工具和食物。
移除强化系统。
删除功力系统，重做称号系统。
进度系统重新调整。
新增羊毛树、爬行者地牢、图腾柱、附魔室的生成。
图腾柱宝箱含亡灵之魂/硝火之烬/生物之肢/附魔金苹果/附魔铁锭/附魔金锭/肉松面包/拔丝苹果/煤炭/骨头/火药/腐肉/线。
增强僵尸、骷髅和爬行者。
村民可被手持绿宝石块的玩家吸引。
动物有几率变成黑暗生物，会主动攻击玩家，掉落黑暗碎片。
使用精准采集附魔破坏刷怪箱可以获得破损的刷怪箱。
附魔之瓶将固定掉落4点经验值。玩家可主手持有漏斗来存储经验值。
调整稀有掉落物的来源。
新增钓鱼垃圾海晶碎片。
北极熊不再掉落鱼。
新增蓝色天之力，右击消耗玩家10点经验依次切换为晴天/下雨天/雷雨天。
新增绿色水之力，右击放置一格水。
新增青色山之力，右击消耗玩家25点经验并整地5×5区域。
新增橙色土之力，右击破坏土质方块。
新增黄色地之力，右击消耗玩家25点经验并清除附近15×3×15区域中的水和岩浆。
新增红色火之力，右击烧炼方块成物品。
新增紫色木之力，右击转换地面的树苗、种子和花，转化比率为2:1。
新增白色电之力，右击去除地面的物品附魔。
新增黑色月之力，右击消耗玩家40点经验并在前方铺设泥土道路。
移除活塞工艺。
新增合成器，背包合成修改为合成器合成。
新增多功能一体机，拥有三种压力、温度模式，以及很多种功能，可调节输出方向。
新增附魔铁锭、附魔金锭、附魔钻石。
新增铁粉、金粉、碳粉、绿宝石粉、钻石粉、石英粉、硅粉、稀土粉、钢粉。
新增酸水、碱水、生物酸、生物碱、空气瓶、粗硅、盐瓶、稀土盐、碱性稀土、氨制冷剂。
新增煤渣、肥料、稀土玻璃、钢化玻璃、硅板、月之碎片、日之碎片、神秘烈焰粉、神秘兔子脚、粘土桶。
新增恶魂之泪、下界之星的合成与制作。
新增磁铁、时间调节器、报时器、世界之源、压缩器、年长者之教诲、坐标记录仪。
新增勤劳之手、破坏之手、灵巧之手、愤怒之手、历练之手。
新增傀儡 、傀儡农民、傀儡矿工、傀儡渔夫、傀儡战士、傀儡牧民。
新增封印之杖、星之杖、梦之杖、黑暗魔杖、节制器、扫帚。
移除矿石种子、矿物探测器。
移除附魔金苹果和药水的合成。
如果玩家食肉过多会行走缓慢，食肉过少会变得虚弱。使用测重压力板可以测量出你的体重指数。
新增生缤纷菜蔬、生土豆排骨、生土豆牛肉、生兔肉煲、炸鱼薯条、肉松面包的制作。
新增鸡蛋羹、烤胡萝卜、缤纷菜蔬、土豆排骨、土豆牛肉、兔肉煲、兔子皮、钻石、桶、神秘烈焰粉、神秘兔子脚的烧炼。
新增加强型缓降药水、夜视药水、抗火药水、水肺药水、隐身药水、跳跃药水、迅捷药水、力量药水、抗性药水、急迫药水、连环药水、再生药水、潮汐药水、治疗药水、无敌药水、冷饮、鲁莽药水、忍者药水的酿造与制作。
新增附魔金苹果和拔丝苹果的制作。
新增20种农作物，可种植和杂交。
新增羊毛树、水果树、矿石树。
将特定方块摆放成正方形作为仪式基座，手持魔杖右击发射器，然后等待发射器上符文粒子消失即可执行仪式。
仪式可用于附魔书制作、效果附加、属性附加、刷怪箱修复。
新增连锁效果，可一次性挖掘大面积方块。
新增荧光帽，使玩家发光，但是并不提供照明。
新增非酋帽，自带霉运效果。
新增护士帽，自带幸运效果。
新增雪地靴，玩家在雪上会跑得更快。
新增原谅帽、小红帽、皮夹克、红色外套、紧身皮裤、牛仔裤。
新增扫帚，在副手时提供漂浮效果。
移除佩戴头饰所需的南瓜。
新增头饰海草、珊瑚。
修改画作实现方式，新增《贝多芬》。
新增空书架，可以放入物品改变外观。
当发射器发射的物品可以种植在前方位置时，会自动种植。
可使用炼药锅漂白玻璃和陶土。
使用发射器可实现随机方块。
可将箱子内物品按id或数量排序。
修改刷怪蛋的合成为原版合成。
修改哞菇刷怪蛋的配方为红色蘑菇+皮革+龙蛋。
修改凋灵骷髅/唤魔者/卫道士刷怪蛋的合成配方为龙蛋+煤炭块/金块/铁块。
修改可驯服生物合成所需头颅为骷髅头颅。
移除幻术师、高压爬行者刷怪蛋的合成。
新增幻翼、海龟的合成。
修改合成得到的楼梯数量为8。
新增18种台阶和17种楼梯回收为原方块。
修改合成石英块/皮革所需的石英/兔子皮数量为9。
新增9个线合成为蜘蛛网。
新增粘土块、荧石、雪块、西瓜、地狱疣块、蜘蛛网、石英块、皮革的分解。
现在任意颜色的床均可被染色。
新增锁链盔甲的合成。
移除道路固化剂的合成。
新增4种平滑方块的合成，玩家在平滑方块上可以获得不同的加速效果。
新增龙蛋、红沙、草方块、菌丝、粘土块的合成。
新增热带鱼染色的合成。
新增村民：林业员、书画师、圣诞老人、药剂师、末地使、烟花师、园丁、机械工、潜水员。
修改牧师出售附魔之瓶的价格为1绿宝石。
玩家在空岛模式下会开启空岛模块。
空岛模块下破坏泥土/草方块会获得树苗(各1%)或骨粉(4%)，破坏树叶会掉落线(5%)或骨粉(20%)。
空岛模块下在熔炉上方放置雪块可得到方块破坏器，可以粉碎其上方放置材料。
空岛模块下在方块破坏器上方放置坩埚，然后向坩埚扔入4个圆石或4个雪球，可以制作岩浆或水。
空岛模块下可使用绿宝石块和雪块制作末地传送门框架。
空岛模块下添加雪球、鸡蛋、圆石、砂砾的合成。

模组版本 1.8.1
更新时间 2018年10月25日
模组大小 2285 KB
更新内容
所有结构生成几率减半。
图腾柱生成高度调整为1-224。
更改银河标准字母为月符字母。
现在沙子上可以生成死珊瑚扇。
新增小型灌木、死云杉树、作物田、魔法作物田。
上古卷轴出现在附魔室中。
修改结构几率和算法。
新增信标增强器，右击信标顶部放置，可为玩家提供正面效果，其它生物提供负面效果。
新增金砧，使用材料清除工具的惩罚等级、清除诅咒附魔、附加高级附魔。
新增了生物投影仪，每10秒生成一次生物，所需材料为鸡蛋和另两种，消耗经验4/8/32点。
修改各种机器的GUI。
修改多功能一体机存储经验量最高为48。
修改交易机为不再直接获得附魔之瓶，而是先存储为经验值再转化。
修复了将物品放置在背景也能无序合成的错误。
加强了无敌药水的效果。
为多功能一体机安装插件不会再打开机器了。
修复多功能一体机被破坏后掉落的插件不正确。
现在支持机器朝向随放置玩家变化。
新增便携式工作台，右击放置，玩家远离时自动消失。
修改附魔之瓶默认存储经验值为9。
不再修改牧师的附魔之瓶交易价格。
移除除僵尸、骷髅、洞穴蜘蛛、蜘蛛、爬行者、烈焰人、蠹虫外的所有刷怪蛋合成配方。
现在花岗岩、安山岩、闪长岩可替换圆石合成石制工具。
现在使用世界之源会传送至主世界。
修复烤胡萝卜的问题。
现在矿石树苗支持无序合成。
重新设计矿石树，现在矿石树有六种形态。
模组树生长时间加倍。
修复水果树树苗和矿石树树苗掉落的错误。
修复连锁砍树苹果掉率过高的问题。
修改了白车轴的材质。
碎璃草掉落海晶碎片而不是海晶砂粒。
仪式每次消耗的附魔之瓶数量修改为64。
现在属性附加支持海龟壳和鞘翅。
优化连锁效果算法。
现在连锁消耗实际破坏方块数量的耐久，支持耐久附魔。
现在主手持有扫帚时可悬浮。
新增流星丸，使用鞘翅+扫帚+7天空之翼合成，装备在胸甲并起飞后可自动飞行。
现在炼药锅可将海绵变为湿海绵。
现在炼药锅可将熔岩桶变为黑曜石和桶。
现在称号支持翻译文本了。
现在可以将皮革盔甲染成任意颜色。
新增玻璃头盔、假睫毛、猫胡子、黑框眼镜、橙框眼镜、胖次、冕旒、美瞳。
当玩家不在水中时，玻璃头盔提供5秒的水下呼吸。
重新设计荧光帽、原谅帽、非酋帽、护士帽、小红帽。
修改画作为经典画作，放置在物品展示框后随机显示一种画。
修改画作的材质修改为石剑。
新增16幅经典画作。
新增彩色告示牌，副手持有染料时放置即可。
现在物品展示框默认为透明，副手持有木棍时放置为原来的展示框。
重写竖台阶算法。
移除部分头饰。
末地使村民收购末影珍珠价格为14-16个。
修改村民收购海带和海草的价格为30-38个。
修改交易机收购海带和海草的价格为32个。
修改了交易机、春和福材质并更新了材质信息。
新增进度“生物培育”，移除两个失效的进度。
现在放置在下界的湿海绵会被干燥。
炼药锅可将粘性活塞变为活塞。
现在9个珊瑚可以合成为相应的珊瑚块。
损坏的铁砧可与损坏的铁砧合并为开裂的铁砧。
开裂的铁砧可与损坏的铁砧合并为铁砧。
书架合成需要空书架+3本书，使用合成器合成。
空书架仅需6木板使用合成器合成。
破坏书架掉落空书架和3本书。
现在烧炼铁门和铁活板门可以获得铁锭。
修改空岛矿石碎片样式及算法。